running develop
running egg_info
creating agi_hacks.egg-info
writing agi_hacks.egg-info/PKG-INFO
writing dependency_links to agi_hacks.egg-info/dependency_links.txt
writing entry points to agi_hacks.egg-info/entry_points.txt
writing requirements to agi_hacks.egg-info/requires.txt
writing top-level names to agi_hacks.egg-info/top_level.txt
writing manifest file 'agi_hacks.egg-info/SOURCES.txt'
reading manifest file 'agi_hacks.egg-info/SOURCES.txt'
writing manifest file 'agi_hacks.egg-info/SOURCES.txt'
running build_ext
Creating /home/leo/hackathon/agi_house_robotics/ros2_ws/install/agi_hacks/lib/python3.10/site-packages/agi-hacks.egg-link (link to .)
Installing fly script to /home/leo/hackathon/agi_house_robotics/ros2_ws/install/agi_hacks/lib/agi_hacks

Installed /home/leo/hackathon/agi_house_robotics/ros2_ws/build/agi_hacks
running symlink_data
creating /home/leo/hackathon/agi_house_robotics/ros2_ws/install/agi_hacks/share/ament_index
creating /home/leo/hackathon/agi_house_robotics/ros2_ws/install/agi_hacks/share/ament_index/resource_index
creating /home/leo/hackathon/agi_house_robotics/ros2_ws/install/agi_hacks/share/ament_index/resource_index/packages
symbolically linking /home/leo/hackathon/agi_house_robotics/ros2_ws/build/agi_hacks/resource/agi_hacks -> /home/leo/hackathon/agi_house_robotics/ros2_ws/install/agi_hacks/share/ament_index/resource_index/packages
symbolically linking /home/leo/hackathon/agi_house_robotics/ros2_ws/build/agi_hacks/package.xml -> /home/leo/hackathon/agi_house_robotics/ros2_ws/install/agi_hacks/share/agi_hacks
