[0.711s] Invoking command in '/home/leo/hackathon/agi_house_robotics/ros2_ws/build/agi_hacks': PYTHONPATH=/home/leo/hackathon/agi_house_robotics/ros2_ws/build/agi_hacks/prefix_override:/usr/lib/python3/dist-packages/colcon_core/task/python/colcon_distutils_commands:/home/leo/hackathon/agi_house_robotics/ros2_ws/install/agi_hacks/lib/python3.10/site-packages:${PYTHONPATH} /usr/bin/python3 -W ignore:setup.py install is deprecated setup.py develop --editable --build-directory /home/leo/hackathon/agi_house_robotics/ros2_ws/build/agi_hacks/build --no-deps symlink_data
[0.988s] running develop
[0.988s] /usr/lib/python3/dist-packages/setuptools/command/easy_install.py:158: EasyInstallDeprecationWarning: easy_install command is deprecated. Use build and pip and other standards-based tools.
[0.988s]   warnings.warn(
[1.203s] running egg_info
[1.203s] creating agi_hacks.egg-info
[1.203s] writing agi_hacks.egg-info/PKG-INFO
[1.203s] writing dependency_links to agi_hacks.egg-info/dependency_links.txt
[1.204s] writing entry points to agi_hacks.egg-info/entry_points.txt
[1.204s] writing requirements to agi_hacks.egg-info/requires.txt
[1.204s] writing top-level names to agi_hacks.egg-info/top_level.txt
[1.204s] writing manifest file 'agi_hacks.egg-info/SOURCES.txt'
[1.207s] reading manifest file 'agi_hacks.egg-info/SOURCES.txt'
[1.207s] writing manifest file 'agi_hacks.egg-info/SOURCES.txt'
[1.209s] running build_ext
[1.210s] Creating /home/leo/hackathon/agi_house_robotics/ros2_ws/install/agi_hacks/lib/python3.10/site-packages/agi-hacks.egg-link (link to .)
[1.210s] Installing fly script to /home/leo/hackathon/agi_house_robotics/ros2_ws/install/agi_hacks/lib/agi_hacks
[1.211s] 
[1.211s] Installed /home/leo/hackathon/agi_house_robotics/ros2_ws/build/agi_hacks
[1.211s] running symlink_data
[1.211s] creating /home/leo/hackathon/agi_house_robotics/ros2_ws/install/agi_hacks/share/ament_index
[1.211s] creating /home/leo/hackathon/agi_house_robotics/ros2_ws/install/agi_hacks/share/ament_index/resource_index
[1.212s] creating /home/leo/hackathon/agi_house_robotics/ros2_ws/install/agi_hacks/share/ament_index/resource_index/packages
[1.212s] symbolically linking /home/leo/hackathon/agi_house_robotics/ros2_ws/build/agi_hacks/resource/agi_hacks -> /home/leo/hackathon/agi_house_robotics/ros2_ws/install/agi_hacks/share/ament_index/resource_index/packages
[1.212s] symbolically linking /home/leo/hackathon/agi_house_robotics/ros2_ws/build/agi_hacks/package.xml -> /home/leo/hackathon/agi_house_robotics/ros2_ws/install/agi_hacks/share/agi_hacks
[1.272s] Invoked command in '/home/leo/hackathon/agi_house_robotics/ros2_ws/build/agi_hacks' returned '0': PYTHONPATH=/home/leo/hackathon/agi_house_robotics/ros2_ws/build/agi_hacks/prefix_override:/usr/lib/python3/dist-packages/colcon_core/task/python/colcon_distutils_commands:/home/leo/hackathon/agi_house_robotics/ros2_ws/install/agi_hacks/lib/python3.10/site-packages:${PYTHONPATH} /usr/bin/python3 -W ignore:setup.py install is deprecated setup.py develop --editable --build-directory /home/leo/hackathon/agi_house_robotics/ros2_ws/build/agi_hacks/build --no-deps symlink_data
