[0.191s] DEBUG:colcon:Command line arguments: ['/usr/bin/colcon', 'build', '--symlink-install']
[0.191s] DEBUG:colcon:Parsed command line arguments: Namespace(log_base=None, log_level=None, verb_name='build', build_base='build', install_base='install', merge_install=False, symlink_install=True, test_result_base=None, continue_on_error=False, executor='parallel', parallel_workers=16, event_handlers=None, ignore_user_meta=False, metas=['./colcon.meta'], base_paths=['.'], packages_ignore=None, packages_ignore_regex=None, paths=None, packages_up_to=None, packages_up_to_regex=None, packages_above=None, packages_above_and_dependencies=None, packages_above_depth=None, packages_select_by_dep=None, packages_skip_by_dep=None, packages_skip_up_to=None, packages_select_build_failed=False, packages_skip_build_finished=False, packages_select_test_failures=False, packages_skip_test_passed=False, packages_select=None, packages_skip=None, packages_select_regex=None, packages_skip_regex=None, packages_start=None, packages_end=None, allow_overriding=[], cmake_args=None, cmake_target=None, cmake_target_skip_unavailable=False, cmake_clean_cache=False, cmake_clean_first=False, cmake_force_configure=False, ament_cmake_args=None, catkin_cmake_args=None, catkin_skip_building_tests=False, mixin_files=None, mixin=None, verb_parser=<colcon_mixin.mixin.mixin_argument.MixinArgumentDecorator object at 0x7f14bedf8fa0>, verb_extension=<colcon_core.verb.build.BuildVerb object at 0x7f14bf0a5e40>, main=<bound method BuildVerb.main of <colcon_core.verb.build.BuildVerb object at 0x7f14bf0a5e40>>, mixin_verb=('build',))
[0.487s] Level 1:colcon.colcon_core.package_discovery:discover_packages(colcon_meta) check parameters
[0.487s] Level 1:colcon.colcon_core.package_discovery:discover_packages(recursive) check parameters
[0.487s] Level 1:colcon.colcon_core.package_discovery:discover_packages(ignore) check parameters
[0.487s] Level 1:colcon.colcon_core.package_discovery:discover_packages(path) check parameters
[0.487s] Level 1:colcon.colcon_core.package_discovery:discover_packages(colcon_meta) discover
[0.488s] Level 1:colcon.colcon_core.package_discovery:discover_packages(recursive) discover
[0.488s] INFO:colcon.colcon_core.package_discovery:Crawling recursively for packages in '/home/leo/hackathon/agi_house_robotics/ros2_ws'
[0.488s] Level 1:colcon.colcon_core.package_identification:_identify(.) by extensions ['ignore', 'ignore_ament_install']
[0.488s] Level 1:colcon.colcon_core.package_identification:_identify(.) by extension 'ignore'
[0.488s] Level 1:colcon.colcon_core.package_identification:_identify(.) by extension 'ignore_ament_install'
[0.488s] Level 1:colcon.colcon_core.package_identification:_identify(.) by extensions ['colcon_pkg']
[0.488s] Level 1:colcon.colcon_core.package_identification:_identify(.) by extension 'colcon_pkg'
[0.488s] Level 1:colcon.colcon_core.package_identification:_identify(.) by extensions ['colcon_meta']
[0.488s] Level 1:colcon.colcon_core.package_identification:_identify(.) by extension 'colcon_meta'
[0.488s] Level 1:colcon.colcon_core.package_identification:_identify(.) by extensions ['ros']
[0.488s] Level 1:colcon.colcon_core.package_identification:_identify(.) by extension 'ros'
[0.515s] Level 1:colcon.colcon_core.package_identification:_identify(.) by extensions ['cmake', 'python']
[0.515s] Level 1:colcon.colcon_core.package_identification:_identify(.) by extension 'cmake'
[0.515s] Level 1:colcon.colcon_core.package_identification:_identify(.) by extension 'python'
[0.516s] Level 1:colcon.colcon_core.package_identification:_identify(.) by extensions ['python_setup_py']
[0.516s] Level 1:colcon.colcon_core.package_identification:_identify(.) by extension 'python_setup_py'
[0.516s] Level 1:colcon.colcon_core.package_identification:_identify(build) by extensions ['ignore', 'ignore_ament_install']
[0.516s] Level 1:colcon.colcon_core.package_identification:_identify(build) by extension 'ignore'
[0.516s] Level 1:colcon.colcon_core.package_identification:_identify(build) ignored
[0.516s] Level 1:colcon.colcon_core.package_identification:_identify(install) by extensions ['ignore', 'ignore_ament_install']
[0.516s] Level 1:colcon.colcon_core.package_identification:_identify(install) by extension 'ignore'
[0.516s] Level 1:colcon.colcon_core.package_identification:_identify(install) ignored
[0.516s] Level 1:colcon.colcon_core.package_identification:_identify(log) by extensions ['ignore', 'ignore_ament_install']
[0.517s] Level 1:colcon.colcon_core.package_identification:_identify(log) by extension 'ignore'
[0.517s] Level 1:colcon.colcon_core.package_identification:_identify(log) ignored
[0.517s] Level 1:colcon.colcon_core.package_identification:_identify(src) by extensions ['ignore', 'ignore_ament_install']
[0.517s] Level 1:colcon.colcon_core.package_identification:_identify(src) by extension 'ignore'
[0.517s] Level 1:colcon.colcon_core.package_identification:_identify(src) by extension 'ignore_ament_install'
[0.517s] Level 1:colcon.colcon_core.package_identification:_identify(src) by extensions ['colcon_pkg']
[0.517s] Level 1:colcon.colcon_core.package_identification:_identify(src) by extension 'colcon_pkg'
[0.517s] Level 1:colcon.colcon_core.package_identification:_identify(src) by extensions ['colcon_meta']
[0.517s] Level 1:colcon.colcon_core.package_identification:_identify(src) by extension 'colcon_meta'
[0.517s] Level 1:colcon.colcon_core.package_identification:_identify(src) by extensions ['ros']
[0.517s] Level 1:colcon.colcon_core.package_identification:_identify(src) by extension 'ros'
[0.517s] Level 1:colcon.colcon_core.package_identification:_identify(src) by extensions ['cmake', 'python']
[0.517s] Level 1:colcon.colcon_core.package_identification:_identify(src) by extension 'cmake'
[0.517s] Level 1:colcon.colcon_core.package_identification:_identify(src) by extension 'python'
[0.517s] Level 1:colcon.colcon_core.package_identification:_identify(src) by extensions ['python_setup_py']
[0.517s] Level 1:colcon.colcon_core.package_identification:_identify(src) by extension 'python_setup_py'
[0.518s] Level 1:colcon.colcon_core.package_identification:_identify(src/agi_hacks) by extensions ['ignore', 'ignore_ament_install']
[0.518s] Level 1:colcon.colcon_core.package_identification:_identify(src/agi_hacks) by extension 'ignore'
[0.518s] Level 1:colcon.colcon_core.package_identification:_identify(src/agi_hacks) by extension 'ignore_ament_install'
[0.518s] Level 1:colcon.colcon_core.package_identification:_identify(src/agi_hacks) by extensions ['colcon_pkg']
[0.518s] Level 1:colcon.colcon_core.package_identification:_identify(src/agi_hacks) by extension 'colcon_pkg'
[0.518s] Level 1:colcon.colcon_core.package_identification:_identify(src/agi_hacks) by extensions ['colcon_meta']
[0.518s] Level 1:colcon.colcon_core.package_identification:_identify(src/agi_hacks) by extension 'colcon_meta'
[0.518s] Level 1:colcon.colcon_core.package_identification:_identify(src/agi_hacks) by extensions ['ros']
[0.518s] Level 1:colcon.colcon_core.package_identification:_identify(src/agi_hacks) by extension 'ros'
[0.522s] DEBUG:colcon.colcon_core.package_identification:Package 'src/agi_hacks' with type 'ros.ament_python' and name 'agi_hacks'
[0.522s] Level 1:colcon.colcon_core.package_discovery:discover_packages(recursive) using defaults
[0.522s] Level 1:colcon.colcon_core.package_discovery:discover_packages(ignore) discover
[0.522s] Level 1:colcon.colcon_core.package_discovery:discover_packages(ignore) using defaults
[0.522s] Level 1:colcon.colcon_core.package_discovery:discover_packages(path) discover
[0.522s] Level 1:colcon.colcon_core.package_discovery:discover_packages(path) using defaults
[0.547s] Level 1:colcon.colcon_core.package_discovery:discover_packages(prefix_path) check parameters
[0.547s] Level 1:colcon.colcon_core.package_discovery:discover_packages(prefix_path) discover
[0.549s] DEBUG:colcon.colcon_installed_package_information.package_discovery:Found 1 installed packages in /home/leo/hackathon/agi_house_robotics/ros2_ws/install
[0.551s] DEBUG:colcon.colcon_installed_package_information.package_discovery:Found 402 installed packages in /opt/ros/humble
[0.554s] Level 1:colcon.colcon_core.package_discovery:discover_packages(prefix_path) using defaults
[0.615s] Level 5:colcon.colcon_core.verb:set package 'agi_hacks' build argument 'cmake_args' from command line to 'None'
[0.615s] Level 5:colcon.colcon_core.verb:set package 'agi_hacks' build argument 'cmake_target' from command line to 'None'
[0.615s] Level 5:colcon.colcon_core.verb:set package 'agi_hacks' build argument 'cmake_target_skip_unavailable' from command line to 'False'
[0.615s] Level 5:colcon.colcon_core.verb:set package 'agi_hacks' build argument 'cmake_clean_cache' from command line to 'False'
[0.615s] Level 5:colcon.colcon_core.verb:set package 'agi_hacks' build argument 'cmake_clean_first' from command line to 'False'
[0.615s] Level 5:colcon.colcon_core.verb:set package 'agi_hacks' build argument 'cmake_force_configure' from command line to 'False'
[0.615s] Level 5:colcon.colcon_core.verb:set package 'agi_hacks' build argument 'ament_cmake_args' from command line to 'None'
[0.615s] Level 5:colcon.colcon_core.verb:set package 'agi_hacks' build argument 'catkin_cmake_args' from command line to 'None'
[0.615s] Level 5:colcon.colcon_core.verb:set package 'agi_hacks' build argument 'catkin_skip_building_tests' from command line to 'False'
[0.615s] DEBUG:colcon.colcon_core.verb:Building package 'agi_hacks' with the following arguments: {'ament_cmake_args': None, 'build_base': '/home/leo/hackathon/agi_house_robotics/ros2_ws/build/agi_hacks', 'catkin_cmake_args': None, 'catkin_skip_building_tests': False, 'cmake_args': None, 'cmake_clean_cache': False, 'cmake_clean_first': False, 'cmake_force_configure': False, 'cmake_target': None, 'cmake_target_skip_unavailable': False, 'install_base': '/home/leo/hackathon/agi_house_robotics/ros2_ws/install/agi_hacks', 'merge_install': False, 'path': '/home/leo/hackathon/agi_house_robotics/ros2_ws/src/agi_hacks', 'symlink_install': True, 'test_result_base': None}
[0.615s] INFO:colcon.colcon_core.executor:Executing jobs using 'parallel' executor
[0.617s] DEBUG:colcon.colcon_parallel_executor.executor.parallel:run_until_complete
[0.617s] INFO:colcon.colcon_ros.task.ament_python.build:Building ROS package in '/home/leo/hackathon/agi_house_robotics/ros2_ws/src/agi_hacks' with build type 'ament_python'
[0.617s] Level 1:colcon.colcon_core.shell:create_environment_hook('agi_hacks', 'ament_prefix_path')
[0.621s] INFO:colcon.colcon_core.plugin_system:Skipping extension 'colcon_core.shell.bat': Not used on non-Windows systems
[0.621s] INFO:colcon.colcon_core.shell:Creating environment hook '/home/leo/hackathon/agi_house_robotics/ros2_ws/install/agi_hacks/share/agi_hacks/hook/ament_prefix_path.ps1'
[0.622s] INFO:colcon.colcon_core.shell:Creating environment descriptor '/home/leo/hackathon/agi_house_robotics/ros2_ws/install/agi_hacks/share/agi_hacks/hook/ament_prefix_path.dsv'
[0.622s] INFO:colcon.colcon_core.shell:Creating environment hook '/home/leo/hackathon/agi_house_robotics/ros2_ws/install/agi_hacks/share/agi_hacks/hook/ament_prefix_path.sh'
[0.623s] INFO:colcon.colcon_core.shell:Skip shell extension 'powershell' for command environment: Not usable outside of PowerShell
[0.623s] DEBUG:colcon.colcon_core.shell:Skip shell extension 'dsv' for command environment
[1.054s] INFO:colcon.colcon_core.task.python.build:Building Python package in '/home/leo/hackathon/agi_house_robotics/ros2_ws/src/agi_hacks'
[1.054s] INFO:colcon.colcon_core.shell:Skip shell extension 'powershell' for command environment: Not usable outside of PowerShell
[1.054s] DEBUG:colcon.colcon_core.shell:Skip shell extension 'dsv' for command environment
[1.581s] DEBUG:colcon.colcon_core.event_handler.log_command:Invoking command in '/home/leo/hackathon/agi_house_robotics/ros2_ws/build/agi_hacks': PYTHONPATH=/home/leo/hackathon/agi_house_robotics/ros2_ws/build/agi_hacks/prefix_override:/usr/lib/python3/dist-packages/colcon_core/task/python/colcon_distutils_commands:/home/leo/hackathon/agi_house_robotics/ros2_ws/install/agi_hacks/lib/python3.10/site-packages:${PYTHONPATH} /usr/bin/python3 -W ignore:setup.py install is deprecated setup.py develop --editable --build-directory /home/leo/hackathon/agi_house_robotics/ros2_ws/build/agi_hacks/build --no-deps symlink_data
[2.358s] Level 1:colcon.colcon_core.shell:create_environment_hook('agi_hacks', 'pythonpath_develop')
[2.358s] INFO:colcon.colcon_core.shell:Creating environment hook '/home/leo/hackathon/agi_house_robotics/ros2_ws/build/agi_hacks/share/agi_hacks/hook/pythonpath_develop.ps1'
[2.359s] DEBUG:colcon.colcon_core.event_handler.log_command:Invoked command in '/home/leo/hackathon/agi_house_robotics/ros2_ws/build/agi_hacks' returned '0': PYTHONPATH=/home/leo/hackathon/agi_house_robotics/ros2_ws/build/agi_hacks/prefix_override:/usr/lib/python3/dist-packages/colcon_core/task/python/colcon_distutils_commands:/home/leo/hackathon/agi_house_robotics/ros2_ws/install/agi_hacks/lib/python3.10/site-packages:${PYTHONPATH} /usr/bin/python3 -W ignore:setup.py install is deprecated setup.py develop --editable --build-directory /home/leo/hackathon/agi_house_robotics/ros2_ws/build/agi_hacks/build --no-deps symlink_data
[2.359s] INFO:colcon.colcon_core.shell:Creating environment descriptor '/home/leo/hackathon/agi_house_robotics/ros2_ws/build/agi_hacks/share/agi_hacks/hook/pythonpath_develop.dsv'
[2.359s] INFO:colcon.colcon_core.shell:Creating environment hook '/home/leo/hackathon/agi_house_robotics/ros2_ws/build/agi_hacks/share/agi_hacks/hook/pythonpath_develop.sh'
[2.364s] Level 1:colcon.colcon_core.environment:checking '/home/leo/hackathon/agi_house_robotics/ros2_ws/install/agi_hacks' for CMake module files
[2.365s] Level 1:colcon.colcon_core.environment:checking '/home/leo/hackathon/agi_house_robotics/ros2_ws/install/agi_hacks' for CMake config files
[2.365s] Level 1:colcon.colcon_core.environment:checking '/home/leo/hackathon/agi_house_robotics/ros2_ws/install/agi_hacks/lib'
[2.366s] Level 1:colcon.colcon_core.environment:checking '/home/leo/hackathon/agi_house_robotics/ros2_ws/install/agi_hacks/bin'
[2.366s] Level 1:colcon.colcon_core.environment:checking '/home/leo/hackathon/agi_house_robotics/ros2_ws/install/agi_hacks/lib/pkgconfig/agi_hacks.pc'
[2.366s] Level 1:colcon.colcon_core.environment:checking '/home/leo/hackathon/agi_house_robotics/ros2_ws/install/agi_hacks/lib/python3.10/site-packages'
[2.366s] Level 1:colcon.colcon_core.shell:create_environment_hook('agi_hacks', 'pythonpath')
[2.366s] INFO:colcon.colcon_core.shell:Creating environment hook '/home/leo/hackathon/agi_house_robotics/ros2_ws/install/agi_hacks/share/agi_hacks/hook/pythonpath.ps1'
[2.367s] INFO:colcon.colcon_core.shell:Creating environment descriptor '/home/leo/hackathon/agi_house_robotics/ros2_ws/install/agi_hacks/share/agi_hacks/hook/pythonpath.dsv'
[2.367s] INFO:colcon.colcon_core.shell:Creating environment hook '/home/leo/hackathon/agi_house_robotics/ros2_ws/install/agi_hacks/share/agi_hacks/hook/pythonpath.sh'
[2.368s] Level 1:colcon.colcon_core.environment:checking '/home/leo/hackathon/agi_house_robotics/ros2_ws/install/agi_hacks/bin'
[2.368s] Level 1:colcon.colcon_core.environment:create_environment_scripts_only(agi_hacks)
[2.368s] INFO:colcon.colcon_core.shell:Creating package script '/home/leo/hackathon/agi_house_robotics/ros2_ws/install/agi_hacks/share/agi_hacks/package.ps1'
[2.369s] INFO:colcon.colcon_core.shell:Creating package descriptor '/home/leo/hackathon/agi_house_robotics/ros2_ws/install/agi_hacks/share/agi_hacks/package.dsv'
[2.370s] INFO:colcon.colcon_core.shell:Creating package script '/home/leo/hackathon/agi_house_robotics/ros2_ws/install/agi_hacks/share/agi_hacks/package.sh'
[2.371s] INFO:colcon.colcon_core.shell:Creating package script '/home/leo/hackathon/agi_house_robotics/ros2_ws/install/agi_hacks/share/agi_hacks/package.bash'
[2.372s] INFO:colcon.colcon_core.shell:Creating package script '/home/leo/hackathon/agi_house_robotics/ros2_ws/install/agi_hacks/share/agi_hacks/package.zsh'
[2.373s] Level 1:colcon.colcon_core.environment:create_file_with_runtime_dependencies(/home/leo/hackathon/agi_house_robotics/ros2_ws/install/agi_hacks/share/colcon-core/packages/agi_hacks)
[2.373s] DEBUG:colcon.colcon_parallel_executor.executor.parallel:closing loop
[2.373s] DEBUG:colcon.colcon_parallel_executor.executor.parallel:loop closed
[2.374s] DEBUG:colcon.colcon_parallel_executor.executor.parallel:run_until_complete finished with '0'
[2.374s] DEBUG:colcon.colcon_core.event_reactor:joining thread
[2.381s] INFO:colcon.colcon_core.plugin_system:Skipping extension 'colcon_notification.desktop_notification.terminal_notifier': Not used on non-Darwin systems
[2.381s] INFO:colcon.colcon_core.plugin_system:Skipping extension 'colcon_notification.desktop_notification.win32': Not used on non-Windows systems
[2.381s] INFO:colcon.colcon_notification.desktop_notification:Sending desktop notification using 'notify2'
[2.393s] DEBUG:colcon.colcon_core.event_reactor:joined thread
[2.394s] INFO:colcon.colcon_core.shell:Creating prefix script '/home/leo/hackathon/agi_house_robotics/ros2_ws/install/local_setup.ps1'
[2.395s] INFO:colcon.colcon_core.shell:Creating prefix util module '/home/leo/hackathon/agi_house_robotics/ros2_ws/install/_local_setup_util_ps1.py'
[2.397s] INFO:colcon.colcon_core.shell:Creating prefix chain script '/home/leo/hackathon/agi_house_robotics/ros2_ws/install/setup.ps1'
[2.399s] INFO:colcon.colcon_core.shell:Creating prefix script '/home/leo/hackathon/agi_house_robotics/ros2_ws/install/local_setup.sh'
[2.400s] INFO:colcon.colcon_core.shell:Creating prefix util module '/home/leo/hackathon/agi_house_robotics/ros2_ws/install/_local_setup_util_sh.py'
[2.400s] INFO:colcon.colcon_core.shell:Creating prefix chain script '/home/leo/hackathon/agi_house_robotics/ros2_ws/install/setup.sh'
[2.402s] INFO:colcon.colcon_core.shell:Creating prefix script '/home/leo/hackathon/agi_house_robotics/ros2_ws/install/local_setup.bash'
[2.402s] INFO:colcon.colcon_core.shell:Creating prefix chain script '/home/leo/hackathon/agi_house_robotics/ros2_ws/install/setup.bash'
[2.403s] INFO:colcon.colcon_core.shell:Creating prefix script '/home/leo/hackathon/agi_house_robotics/ros2_ws/install/local_setup.zsh'
[2.404s] INFO:colcon.colcon_core.shell:Creating prefix chain script '/home/leo/hackathon/agi_house_robotics/ros2_ws/install/setup.zsh'
